This file contains any messages produced by compilers while
running configure, to aid debugging if configure makes a mistake.

It was created by libccv configure 0.6, which was
generated by GNU Autoconf 2.69.  Invocation command line was

  $ ./configure 

## --------- ##
## Platform. ##
## --------- ##

hostname = white-1
uname -m = x86_64
uname -r = 3.16.0-37-generic
uname -s = Linux
uname -v = #51~14.04.1-Ubuntu SMP Wed May 6 15:23:14 UTC 2015

/usr/bin/uname -p = unknown
/bin/uname -X     = unknown

/bin/arch              = unknown
/usr/bin/arch -k       = unknown
/usr/convex/getsysinfo = unknown
/usr/bin/hostinfo      = unknown
/bin/machine           = unknown
/usr/bin/oslevel       = unknown
/bin/universe          = unknown

PATH: /usr/local/cuda-7.0/bin
PATH: /usr/local/cuda-7.0/lib64
PATH: /home/user/anaconda/bin
PATH: /usr/local/sbin
PATH: /usr/local/bin
PATH: /usr/sbin
PATH: /usr/bin
PATH: /sbin
PATH: /bin
PATH: /usr/games
PATH: /usr/local/games


## ----------- ##
## Core tests. ##
## ----------- ##

configure:2043: checking for clang
configure:2073: result: no
configure:2082: checking for nvcc
configure:2098: found /usr/local/cuda-7.0/bin/nvcc
configure:2109: result: nvcc
configure:2119: checking neon
configure:2136: result: no
configure:2192: checking for gcc
configure:2208: found /usr/bin/gcc
configure:2219: result: gcc
configure:2448: checking for C compiler version
configure:2457: gcc --version >&5
gcc (Ubuntu 4.8.2-19ubuntu1) 4.8.2
Copyright (C) 2013 Free Software Foundation, Inc.
This is free software; see the source for copying conditions.  There is NO
warranty; not even for MERCHANTABILITY or FITNESS FOR A PARTICULAR PURPOSE.

configure:2468: $? = 0
configure:2457: gcc -v >&5
Using built-in specs.
COLLECT_GCC=gcc
COLLECT_LTO_WRAPPER=/usr/lib/gcc/x86_64-linux-gnu/4.8/lto-wrapper
Target: x86_64-linux-gnu
Configured with: ../src/configure -v --with-pkgversion='Ubuntu 4.8.2-19ubuntu1' --with-bugurl=file:///usr/share/doc/gcc-4.8/README.Bugs --enable-languages=c,c++,java,go,d,fortran,objc,obj-c++ --prefix=/usr --program-suffix=-4.8 --enable-shared --enable-linker-build-id --libexecdir=/usr/lib --without-included-gettext --enable-threads=posix --with-gxx-include-dir=/usr/include/c++/4.8 --libdir=/usr/lib --enable-nls --with-sysroot=/ --enable-clocale=gnu --enable-libstdcxx-debug --enable-libstdcxx-time=yes --enable-gnu-unique-object --disable-libmudflap --enable-plugin --with-system-zlib --disable-browser-plugin --enable-java-awt=gtk --enable-gtk-cairo --with-java-home=/usr/lib/jvm/java-1.5.0-gcj-4.8-amd64/jre --enable-java-home --with-jvm-root-dir=/usr/lib/jvm/java-1.5.0-gcj-4.8-amd64 --with-jvm-jar-dir=/usr/lib/jvm-exports/java-1.5.0-gcj-4.8-amd64 --with-arch-directory=amd64 --with-ecj-jar=/usr/share/java/eclipse-ecj.jar --enable-objc-gc --enable-multiarch --disable-werror --with-arch-32=i686 --with-abi=m64 --with-multilib-list=m32,m64,mx32 --with-tune=generic --enable-checking=release --build=x86_64-linux-gnu --host=x86_64-linux-gnu --target=x86_64-linux-gnu
Thread model: posix
gcc version 4.8.2 (Ubuntu 4.8.2-19ubuntu1) 
configure:2468: $? = 0
configure:2457: gcc -V >&5
gcc: error: unrecognized command line option '-V'
gcc: fatal error: no input files
compilation terminated.
configure:2468: $? = 4
configure:2457: gcc -qversion >&5
gcc: error: unrecognized command line option '-qversion'
gcc: fatal error: no input files
compilation terminated.
configure:2468: $? = 4
configure:2488: checking whether the C compiler works
configure:2510: gcc    conftest.c  >&5
configure:2514: $? = 0
configure:2562: result: yes
configure:2565: checking for C compiler default output file name
configure:2567: result: a.out
configure:2573: checking for suffix of executables
configure:2580: gcc -o conftest    conftest.c  >&5
configure:2584: $? = 0
configure:2606: result: 
configure:2628: checking whether we are cross compiling
configure:2636: gcc -o conftest    conftest.c  >&5
configure:2640: $? = 0
configure:2647: ./conftest
configure:2651: $? = 0
configure:2666: result: no
configure:2671: checking for suffix of object files
configure:2693: gcc -c   conftest.c >&5
configure:2697: $? = 0
configure:2718: result: o
configure:2722: checking whether we are using the GNU C compiler
configure:2741: gcc -c   conftest.c >&5
configure:2741: $? = 0
configure:2750: result: yes
configure:2759: checking whether gcc accepts -g
configure:2779: gcc -c -g  conftest.c >&5
configure:2779: $? = 0
configure:2820: result: yes
configure:2837: checking for gcc option to accept ISO C89
configure:2900: gcc  -c -g -O2  conftest.c >&5
configure:2900: $? = 0
configure:2913: result: none needed
configure:2934: checking for sgemm in -lblas
configure:2959: gcc -o conftest -g -O2   conftest.c -lblas   >&5
/tmp/cc47as9s.o: In function `main':
/home/user/ccv/lib/conftest.c:20: undefined reference to `sgemm'
collect2: error: ld returned 1 exit status
configure:2959: $? = 1
configure: failed program was:
| /* confdefs.h */
| #define PACKAGE_NAME "libccv"
| #define PACKAGE_TARNAME "libccv"
| #define PACKAGE_VERSION "0.6"
| #define PACKAGE_STRING "libccv 0.6"
| #define PACKAGE_BUGREPORT ""
| #define PACKAGE_URL ""
| /* end confdefs.h.  */
| 
| /* Override any GCC internal prototype to avoid an error.
|    Use char because int might match the return type of a GCC
|    builtin and then its argument prototype would still apply.  */
| #ifdef __cplusplus
| extern "C"
| #endif
| char sgemm ();
| int
| main ()
| {
| return sgemm ();
|   ;
|   return 0;
| }
configure:2968: result: no
configure:2977: checking for ATL_xerbla in -latlas
configure:3002: gcc -o conftest -g -O2   conftest.c -latlas   >&5
configure:3002: $? = 0
configure:3011: result: yes
configure:3014: checking for cblas_dgemm in -lcblas
configure:3039: gcc -o conftest -g -O2   conftest.c -lcblas -latlas  >&5
configure:3039: $? = 0
configure:3048: result: yes
configure:3071: checking how to run the C preprocessor
configure:3102: gcc -E  conftest.c
configure:3102: $? = 0
configure:3116: gcc -E  conftest.c
conftest.c:9:28: fatal error: ac_nonexistent.h: No such file or directory
 #include <ac_nonexistent.h>
                            ^
compilation terminated.
configure:3116: $? = 1
configure: failed program was:
| /* confdefs.h */
| #define PACKAGE_NAME "libccv"
| #define PACKAGE_TARNAME "libccv"
| #define PACKAGE_VERSION "0.6"
| #define PACKAGE_STRING "libccv 0.6"
| #define PACKAGE_BUGREPORT ""
| #define PACKAGE_URL ""
| /* end confdefs.h.  */
| #include <ac_nonexistent.h>
configure:3141: result: gcc -E
configure:3161: gcc -E  conftest.c
configure:3161: $? = 0
configure:3175: gcc -E  conftest.c
conftest.c:9:28: fatal error: ac_nonexistent.h: No such file or directory
 #include <ac_nonexistent.h>
                            ^
compilation terminated.
configure:3175: $? = 1
configure: failed program was:
| /* confdefs.h */
| #define PACKAGE_NAME "libccv"
| #define PACKAGE_TARNAME "libccv"
| #define PACKAGE_VERSION "0.6"
| #define PACKAGE_STRING "libccv 0.6"
| #define PACKAGE_BUGREPORT ""
| #define PACKAGE_URL ""
| /* end confdefs.h.  */
| #include <ac_nonexistent.h>
configure:3204: checking for grep that handles long lines and -e
configure:3262: result: /bin/grep
configure:3267: checking for egrep
configure:3329: result: /bin/grep -E
configure:3334: checking for ANSI C header files
configure:3354: gcc -c -g -O2  conftest.c >&5
configure:3354: $? = 0
configure:3427: gcc -o conftest -g -O2   conftest.c  >&5
configure:3427: $? = 0
configure:3427: ./conftest
configure:3427: $? = 0
configure:3438: result: yes
configure:3451: checking for sys/types.h
configure:3451: gcc -c -g -O2  conftest.c >&5
configure:3451: $? = 0
configure:3451: result: yes
configure:3451: checking for sys/stat.h
configure:3451: gcc -c -g -O2  conftest.c >&5
configure:3451: $? = 0
configure:3451: result: yes
configure:3451: checking for stdlib.h
configure:3451: gcc -c -g -O2  conftest.c >&5
configure:3451: $? = 0
configure:3451: result: yes
configure:3451: checking for string.h
configure:3451: gcc -c -g -O2  conftest.c >&5
configure:3451: $? = 0
configure:3451: result: yes
configure:3451: checking for memory.h
configure:3451: gcc -c -g -O2  conftest.c >&5
configure:3451: $? = 0
configure:3451: result: yes
configure:3451: checking for strings.h
configure:3451: gcc -c -g -O2  conftest.c >&5
configure:3451: $? = 0
configure:3451: result: yes
configure:3451: checking for inttypes.h
configure:3451: gcc -c -g -O2  conftest.c >&5
configure:3451: $? = 0
configure:3451: result: yes
configure:3451: checking for stdint.h
configure:3451: gcc -c -g -O2  conftest.c >&5
configure:3451: $? = 0
configure:3451: result: yes
configure:3451: checking for unistd.h
configure:3451: gcc -c -g -O2  conftest.c >&5
configure:3451: $? = 0
configure:3451: result: yes
configure:3463: checking png.h usability
configure:3463: gcc -c -g -O2  conftest.c >&5
configure:3463: $? = 0
configure:3463: result: yes
configure:3463: checking png.h presence
configure:3463: gcc -E  conftest.c
configure:3463: $? = 0
configure:3463: result: yes
configure:3463: checking for png.h
configure:3463: result: yes
configure:3471: checking jpeglib.h usability
configure:3471: gcc -c -g -O2  conftest.c >&5
configure:3471: $? = 0
configure:3471: result: yes
configure:3471: checking jpeglib.h presence
configure:3471: gcc -E  conftest.c
configure:3471: $? = 0
configure:3471: result: yes
configure:3471: checking for jpeglib.h
configure:3471: result: yes
configure:3479: checking fftw3.h usability
configure:3479: gcc -c -g -O2  conftest.c >&5
configure:3479: $? = 0
configure:3479: result: yes
configure:3479: checking fftw3.h presence
configure:3479: gcc -E  conftest.c
configure:3479: $? = 0
configure:3479: result: yes
configure:3479: checking for fftw3.h
configure:3479: result: yes
configure:3487: checking linear.h usability
configure:3487: gcc -c -g -O2  conftest.c >&5
configure:3487: $? = 0
configure:3487: result: yes
configure:3487: checking linear.h presence
configure:3487: gcc -E  conftest.c
configure:3487: $? = 0
configure:3487: result: yes
configure:3487: checking for linear.h
configure:3487: result: yes
configure:3495: checking tesseract/capi.h usability
configure:3495: gcc -c -g -O2  conftest.c >&5
conftest.c:52:28: fatal error: tesseract/capi.h: No such file or directory
 #include <tesseract/capi.h>
                            ^
compilation terminated.
configure:3495: $? = 1
configure: failed program was:
| /* confdefs.h */
| #define PACKAGE_NAME "libccv"
| #define PACKAGE_TARNAME "libccv"
| #define PACKAGE_VERSION "0.6"
| #define PACKAGE_STRING "libccv 0.6"
| #define PACKAGE_BUGREPORT ""
| #define PACKAGE_URL ""
| #define STDC_HEADERS 1
| #define HAVE_SYS_TYPES_H 1
| #define HAVE_SYS_STAT_H 1
| #define HAVE_STDLIB_H 1
| #define HAVE_STRING_H 1
| #define HAVE_MEMORY_H 1
| #define HAVE_STRINGS_H 1
| #define HAVE_INTTYPES_H 1
| #define HAVE_STDINT_H 1
| #define HAVE_UNISTD_H 1
| /* end confdefs.h.  */
| #include <stdio.h>
| #ifdef HAVE_SYS_TYPES_H
| # include <sys/types.h>
| #endif
| #ifdef HAVE_SYS_STAT_H
| # include <sys/stat.h>
| #endif
| #ifdef STDC_HEADERS
| # include <stdlib.h>
| # include <stddef.h>
| #else
| # ifdef HAVE_STDLIB_H
| #  include <stdlib.h>
| # endif
| #endif
| #ifdef HAVE_STRING_H
| # if !defined STDC_HEADERS && defined HAVE_MEMORY_H
| #  include <memory.h>
| # endif
| # include <string.h>
| #endif
| #ifdef HAVE_STRINGS_H
| # include <strings.h>
| #endif
| #ifdef HAVE_INTTYPES_H
| # include <inttypes.h>
| #endif
| #ifdef HAVE_STDINT_H
| # include <stdint.h>
| #endif
| #ifdef HAVE_UNISTD_H
| # include <unistd.h>
| #endif
| #include <tesseract/capi.h>
configure:3495: result: no
configure:3495: checking tesseract/capi.h presence
configure:3495: gcc -E  conftest.c
conftest.c:19:28: fatal error: tesseract/capi.h: No such file or directory
 #include <tesseract/capi.h>
                            ^
compilation terminated.
configure:3495: $? = 1
configure: failed program was:
| /* confdefs.h */
| #define PACKAGE_NAME "libccv"
| #define PACKAGE_TARNAME "libccv"
| #define PACKAGE_VERSION "0.6"
| #define PACKAGE_STRING "libccv 0.6"
| #define PACKAGE_BUGREPORT ""
| #define PACKAGE_URL ""
| #define STDC_HEADERS 1
| #define HAVE_SYS_TYPES_H 1
| #define HAVE_SYS_STAT_H 1
| #define HAVE_STDLIB_H 1
| #define HAVE_STRING_H 1
| #define HAVE_MEMORY_H 1
| #define HAVE_STRINGS_H 1
| #define HAVE_INTTYPES_H 1
| #define HAVE_STDINT_H 1
| #define HAVE_UNISTD_H 1
| /* end confdefs.h.  */
| #include <tesseract/capi.h>
configure:3495: result: no
configure:3495: checking for tesseract/capi.h
configure:3495: result: no
configure:3503: checking Accelerate/Accelerate.h usability
configure:3503: gcc -c -g -O2  conftest.c >&5
conftest.c:52:35: fatal error: Accelerate/Accelerate.h: No such file or directory
 #include <Accelerate/Accelerate.h>
                                   ^
compilation terminated.
configure:3503: $? = 1
configure: failed program was:
| /* confdefs.h */
| #define PACKAGE_NAME "libccv"
| #define PACKAGE_TARNAME "libccv"
| #define PACKAGE_VERSION "0.6"
| #define PACKAGE_STRING "libccv 0.6"
| #define PACKAGE_BUGREPORT ""
| #define PACKAGE_URL ""
| #define STDC_HEADERS 1
| #define HAVE_SYS_TYPES_H 1
| #define HAVE_SYS_STAT_H 1
| #define HAVE_STDLIB_H 1
| #define HAVE_STRING_H 1
| #define HAVE_MEMORY_H 1
| #define HAVE_STRINGS_H 1
| #define HAVE_INTTYPES_H 1
| #define HAVE_STDINT_H 1
| #define HAVE_UNISTD_H 1
| /* end confdefs.h.  */
| #include <stdio.h>
| #ifdef HAVE_SYS_TYPES_H
| # include <sys/types.h>
| #endif
| #ifdef HAVE_SYS_STAT_H
| # include <sys/stat.h>
| #endif
| #ifdef STDC_HEADERS
| # include <stdlib.h>
| # include <stddef.h>
| #else
| # ifdef HAVE_STDLIB_H
| #  include <stdlib.h>
| # endif
| #endif
| #ifdef HAVE_STRING_H
| # if !defined STDC_HEADERS && defined HAVE_MEMORY_H
| #  include <memory.h>
| # endif
| # include <string.h>
| #endif
| #ifdef HAVE_STRINGS_H
| # include <strings.h>
| #endif
| #ifdef HAVE_INTTYPES_H
| # include <inttypes.h>
| #endif
| #ifdef HAVE_STDINT_H
| # include <stdint.h>
| #endif
| #ifdef HAVE_UNISTD_H
| # include <unistd.h>
| #endif
| #include <Accelerate/Accelerate.h>
configure:3503: result: no
configure:3503: checking Accelerate/Accelerate.h presence
configure:3503: gcc -E  conftest.c
conftest.c:19:35: fatal error: Accelerate/Accelerate.h: No such file or directory
 #include <Accelerate/Accelerate.h>
                                   ^
compilation terminated.
configure:3503: $? = 1
configure: failed program was:
| /* confdefs.h */
| #define PACKAGE_NAME "libccv"
| #define PACKAGE_TARNAME "libccv"
| #define PACKAGE_VERSION "0.6"
| #define PACKAGE_STRING "libccv 0.6"
| #define PACKAGE_BUGREPORT ""
| #define PACKAGE_URL ""
| #define STDC_HEADERS 1
| #define HAVE_SYS_TYPES_H 1
| #define HAVE_SYS_STAT_H 1
| #define HAVE_STDLIB_H 1
| #define HAVE_STRING_H 1
| #define HAVE_MEMORY_H 1
| #define HAVE_STRINGS_H 1
| #define HAVE_INTTYPES_H 1
| #define HAVE_STDINT_H 1
| #define HAVE_UNISTD_H 1
| /* end confdefs.h.  */
| #include <Accelerate/Accelerate.h>
configure:3503: result: no
configure:3503: checking for Accelerate/Accelerate.h
configure:3503: result: no
configure:3511: checking libavcodec/avcodec.h usability
configure:3511: gcc -c -g -O2  conftest.c >&5
configure:3511: $? = 0
configure:3511: result: yes
configure:3511: checking libavcodec/avcodec.h presence
configure:3511: gcc -E  conftest.c
configure:3511: $? = 0
configure:3511: result: yes
configure:3511: checking for libavcodec/avcodec.h
configure:3511: result: yes
configure:3519: checking libavformat/avformat.h usability
configure:3519: gcc -c -g -O2  conftest.c >&5
configure:3519: $? = 0
configure:3519: result: yes
configure:3519: checking libavformat/avformat.h presence
configure:3519: gcc -E  conftest.c
configure:3519: $? = 0
configure:3519: result: yes
configure:3519: checking for libavformat/avformat.h
configure:3519: result: yes
configure:3527: checking libswscale/swscale.h usability
configure:3527: gcc -c -g -O2  conftest.c >&5
configure:3527: $? = 0
configure:3527: result: yes
configure:3527: checking libswscale/swscale.h presence
configure:3527: gcc -E  conftest.c
configure:3527: $? = 0
configure:3527: result: yes
configure:3527: checking for libswscale/swscale.h
configure:3527: result: yes
configure:3589: checking xmmintrin.h usability
configure:3589: gcc -c -g -O2  conftest.c >&5
configure:3589: $? = 0
configure:3589: result: yes
configure:3589: checking xmmintrin.h presence
configure:3589: gcc -E  conftest.c
configure:3589: $? = 0
configure:3589: result: yes
configure:3589: checking for xmmintrin.h
configure:3589: result: yes
configure:3600: checking for cos in -lm
configure:3625: gcc -o conftest -g -O2   conftest.c -lm   >&5
conftest.c:26:6: warning: conflicting types for built-in function 'cos' [enabled by default]
 char cos ();
      ^
configure:3625: $? = 0
configure:3634: result: yes
configure:3645: checking for cblas_dgemm in -lgslcblas
configure:3670: gcc -o conftest -g -O2   conftest.c -lgslcblas  -lm  >&5
configure:3670: $? = 0
configure:3679: result: yes
configure:3690: checking for gsl_blas_dgemm in -lgsl
configure:3715: gcc -o conftest -g -O2   conftest.c -lgsl  -lgslcblas -lm  >&5
configure:3715: $? = 0
configure:3724: result: yes
configure:3734: checking cuda
configure:3752: result: yes, x86_64
configure:3948: creating ./config.status

## ---------------------- ##
## Running config.status. ##
## ---------------------- ##

This file was extended by libccv config.status 0.6, which was
generated by GNU Autoconf 2.69.  Invocation command line was

  CONFIG_FILES    = 
  CONFIG_HEADERS  = 
  CONFIG_LINKS    = 
  CONFIG_COMMANDS = 
  $ ./config.status 

on white-1

config.status:733: creating config.mk

## ---------------- ##
## Cache variables. ##
## ---------------- ##

ac_cv_c_compiler_gnu=yes
ac_cv_env_CC_set=
ac_cv_env_CC_value=
ac_cv_env_CFLAGS_set=
ac_cv_env_CFLAGS_value=
ac_cv_env_CPPFLAGS_set=
ac_cv_env_CPPFLAGS_value=
ac_cv_env_CPP_set=
ac_cv_env_CPP_value=
ac_cv_env_LDFLAGS_set=
ac_cv_env_LDFLAGS_value=
ac_cv_env_LIBS_set=
ac_cv_env_LIBS_value=
ac_cv_env_build_alias_set=
ac_cv_env_build_alias_value=
ac_cv_env_host_alias_set=
ac_cv_env_host_alias_value=
ac_cv_env_target_alias_set=
ac_cv_env_target_alias_value=
ac_cv_header_Accelerate_Accelerate_h=no
ac_cv_header_fftw3_h=yes
ac_cv_header_inttypes_h=yes
ac_cv_header_jpeglib_h=yes
ac_cv_header_libavcodec_avcodec_h=yes
ac_cv_header_libavformat_avformat_h=yes
ac_cv_header_libswscale_swscale_h=yes
ac_cv_header_linear_h=yes
ac_cv_header_memory_h=yes
ac_cv_header_png_h=yes
ac_cv_header_stdc=yes
ac_cv_header_stdint_h=yes
ac_cv_header_stdlib_h=yes
ac_cv_header_string_h=yes
ac_cv_header_strings_h=yes
ac_cv_header_sys_stat_h=yes
ac_cv_header_sys_types_h=yes
ac_cv_header_tesseract_capi_h=no
ac_cv_header_unistd_h=yes
ac_cv_header_xmmintrin_h=yes
ac_cv_lib_atlas_ATL_xerbla=yes
ac_cv_lib_blas_sgemm=no
ac_cv_lib_cblas_cblas_dgemm=yes
ac_cv_lib_gsl_gsl_blas_dgemm=yes
ac_cv_lib_gslcblas_cblas_dgemm=yes
ac_cv_lib_m_cos=yes
ac_cv_objext=o
ac_cv_path_EGREP='/bin/grep -E'
ac_cv_path_GREP=/bin/grep
ac_cv_prog_CPP='gcc -E'
ac_cv_prog_NVCC=nvcc
ac_cv_prog_ac_ct_CC=gcc
ac_cv_prog_cc_c89=
ac_cv_prog_cc_g=yes

## ----------------- ##
## Output variables. ##
## ----------------- ##

CC='gcc'
CFLAGS='-g -O2'
CPP='gcc -E'
CPPFLAGS=''
CUDA_OBJS='cuda/cwc_convnet.o cuda/cwc_convnet_helper.o cuda/convnet/cwc_convnet_convolutional.o cuda/convnet/cwc_convnet_rnorm.o cuda/convnet/cwc_convnet_pool.o cuda/convnet/cwc_convnet_full_connect.o'
DEFINE_MACROS='-D HAVE_CBLAS -D HAVE_LIBPNG -D HAVE_LIBJPEG -D HAVE_FFTW3 -D HAVE_LIBLINEAR -D HAVE_AVCODEC -D HAVE_AVFORMAT -D HAVE_SWSCALE -D HAVE_SSE2 -D HAVE_GSL -D HAVE_CUDA'
DEFS='-DPACKAGE_NAME=\"libccv\" -DPACKAGE_TARNAME=\"libccv\" -DPACKAGE_VERSION=\"0.6\" -DPACKAGE_STRING=\"libccv\ 0.6\" -DPACKAGE_BUGREPORT=\"\" -DPACKAGE_URL=\"\" -DSTDC_HEADERS=1 -DHAVE_SYS_TYPES_H=1 -DHAVE_SYS_STAT_H=1 -DHAVE_STDLIB_H=1 -DHAVE_STRING_H=1 -DHAVE_MEMORY_H=1 -DHAVE_STRINGS_H=1 -DHAVE_INTTYPES_H=1 -DHAVE_STDINT_H=1 -DHAVE_UNISTD_H=1 -DHAVE_LIBM=1 -DHAVE_LIBGSLCBLAS=1'
DISCFLAGS='-msse2 -D HAVE_CBLAS -D HAVE_LIBPNG -D HAVE_LIBJPEG -D HAVE_FFTW3 -D HAVE_LIBLINEAR -D HAVE_AVCODEC -D HAVE_AVFORMAT -D HAVE_SWSCALE -D HAVE_SSE2 -D HAVE_GSL -D HAVE_CUDA'
ECHO_C=''
ECHO_N='-n'
ECHO_T=''
EGREP='/bin/grep -E'
EXEEXT=''
GREP='/bin/grep'
LDFLAGS=''
LIBOBJS=''
LIBS='-lgslcblas -lm '
LTLIBOBJS=''
MKCFLAGS='-msse2 $(DEFINE_MACROS)'
MKLDFLAGS='-lm -lcblas -latlas -lpng -ljpeg -lfftw3 -lfftw3f -lpthread -llinear -lavcodec -lavformat -lswscale -lgsl -lgslcblas -lcuda -lcudart -lcublas -L/usr/local/cuda/lib64'
NVCC='nvcc'
OBJEXT='o'
PACKAGE_BUGREPORT=''
PACKAGE_NAME='libccv'
PACKAGE_STRING='libccv 0.6'
PACKAGE_TARNAME='libccv'
PACKAGE_URL=''
PACKAGE_VERSION='0.6'
PATH_SEPARATOR=':'
SHELL='/bin/bash'
ac_ct_CC='gcc'
bindir='${exec_prefix}/bin'
build_alias=''
datadir='${datarootdir}'
datarootdir='${prefix}/share'
docdir='${datarootdir}/doc/${PACKAGE_TARNAME}'
dvidir='${docdir}'
exec_prefix='${prefix}'
host_alias=''
htmldir='${docdir}'
includedir='${prefix}/include'
infodir='${datarootdir}/info'
libdir='${exec_prefix}/lib'
libexecdir='${exec_prefix}/libexec'
localedir='${datarootdir}/locale'
localstatedir='${prefix}/var'
mandir='${datarootdir}/man'
oldincludedir='/usr/include'
pdfdir='${docdir}'
prefix='/usr/local'
program_transform_name='s,x,x,'
psdir='${docdir}'
sbindir='${exec_prefix}/sbin'
sharedstatedir='${prefix}/com'
sysconfdir='${prefix}/etc'
target_alias=''

## ----------- ##
## confdefs.h. ##
## ----------- ##

/* confdefs.h */
#define PACKAGE_NAME "libccv"
#define PACKAGE_TARNAME "libccv"
#define PACKAGE_VERSION "0.6"
#define PACKAGE_STRING "libccv 0.6"
#define PACKAGE_BUGREPORT ""
#define PACKAGE_URL ""
#define STDC_HEADERS 1
#define HAVE_SYS_TYPES_H 1
#define HAVE_SYS_STAT_H 1
#define HAVE_STDLIB_H 1
#define HAVE_STRING_H 1
#define HAVE_MEMORY_H 1
#define HAVE_STRINGS_H 1
#define HAVE_INTTYPES_H 1
#define HAVE_STDINT_H 1
#define HAVE_UNISTD_H 1
#define HAVE_LIBM 1
#define HAVE_LIBGSLCBLAS 1

configure: exit 0
